<?xml version="1.1" encoding="UTF-8"?>
<testsuite name="com.yummynoodlebar.persistence.integration.ProductRepositoryTests" tests="1" failures="0" errors="0" timestamp="1970-01-01T00:00:00" hostname="x201" time="1.39967250508E9">
  <properties/>
  <testcase name="thatItemIsInsertedIntoRepoWorks" classname="com.yummynoodlebar.persistence.integration.ProductRepositoryTests" time="0.028"/>
  <system-out><![CDATA[2014-05-09 23:55:05 INFO  TransactionalTestExecutionListener:279 - Began transaction (1): transaction manager [org.springframework.orm.jpa.JpaTransactionManager@554614db]; rollback [true]
2014-05-09 23:55:05 INFO  TransactionalTestExecutionListener:299 - Rolled back transaction after test execution for test context [TestContext@1e5e7e66 testClass = ProductRepositoryTests, testInstance = com.yummynoodlebar.persistence.integration.ProductRepositoryTests@4dbc6a1d, testMethod = thatItemIsInsertedIntoRepoWorks@ProductRepositoryTests, testException = [null], mergedContextConfiguration = [MergedContextConfiguration@cdabdca testClass = ProductRepositoryTests, locations = '{}', classes = '{class com.yummynoodlebar.config.JPAConfiguration}', contextInitializerClasses = '[]', activeProfiles = '{}', contextLoader = 'org.springframework.test.context.support.DelegatingSmartContextLoader', parent = [null]]]
]]></system-out>
  <system-err><![CDATA[]]></system-err>
</testsuite>
