<?xml version="1.1" encoding="UTF-8"?>
<testsuite name="com.yummynoodlebar.persistence.integration.OrdersRepositoryIntegrationTests" tests="3" failures="3" errors="0" timestamp="1970-01-01T00:00:00" hostname="x201" time="1.399672505048E9">
  <properties/>
  <testcase name="thatProductsAreSavedWithOrder" classname="com.yummynoodlebar.persistence.integration.OrdersRepositoryIntegrationTests" time="0.06">
    <failure message="javax.persistence.PersistenceException: org.hibernate.exception.ConstraintViolationException: NULL not allowed for column &quot;PAYMENTMETHOD&quot;; SQL statement:&#10;insert into NOODLE_ORDERS (customer_CUSTOMER_ID, SUBMISSION_DATETIME, orderStatus, paymentMethod, ORDER_ID) values (?, ?, ?, ?, ?) [23502-173]" type="org.gradle.messaging.remote.internal.PlaceholderException">javax.persistence.PersistenceException: org.hibernate.exception.ConstraintViolationException: NULL not allowed for column &quot;PAYMENTMETHOD&quot;; SQL statement:
insert into NOODLE_ORDERS (customer_CUSTOMER_ID, SUBMISSION_DATETIME, orderStatus, paymentMethod, ORDER_ID) values (?, ?, ?, ?, ?) [23502-173]
	at org.hibernate.ejb.AbstractEntityManagerImpl.convert(AbstractEntityManagerImpl.java:1361)
	at org.hibernate.ejb.AbstractEntityManagerImpl.convert(AbstractEntityManagerImpl.java:1289)
	at org.hibernate.ejb.QueryImpl.getSingleResult(QueryImpl.java:313)
	at org.hibernate.ejb.criteria.CriteriaQueryCompiler$3.getSingleResult(CriteriaQueryCompiler.java:264)
	at org.springframework.data.jpa.repository.query.JpaQueryExecution$SingleEntityExecution.doExecute(JpaQueryExecution.java:123)
	at org.springframework.data.jpa.repository.query.JpaQueryExecution.execute(JpaQueryExecution.java:55)
	at org.springframework.data.jpa.repository.query.AbstractJpaQuery.doExecute(AbstractJpaQuery.java:95)
	at org.springframework.data.jpa.repository.query.AbstractJpaQuery.execute(AbstractJpaQuery.java:85)
	at org.springframework.data.repository.core.support.RepositoryFactorySupport$QueryExecutorMethodInterceptor.invoke(RepositoryFactorySupport.java:312)
	at org.springframework.aop.framework.ReflectiveMethodInvocation.proceed(ReflectiveMethodInvocation.java:172)
	at org.springframework.transaction.interceptor.TransactionInterceptor$1.proceedWithInvocation(TransactionInterceptor.java:96)
	at org.springframework.transaction.interceptor.TransactionAspectSupport.invokeWithinTransaction(TransactionAspectSupport.java:260)
	at org.springframework.transaction.interceptor.TransactionInterceptor.invoke(TransactionInterceptor.java:94)
	at org.springframework.aop.framework.ReflectiveMethodInvocation.proceed(ReflectiveMethodInvocation.java:172)
	at org.springframework.dao.support.PersistenceExceptionTranslationInterceptor.invoke(PersistenceExceptionTranslationInterceptor.java:155)
	at org.springframework.aop.framework.ReflectiveMethodInvocation.proceed(ReflectiveMethodInvocation.java:172)
	at org.springframework.data.jpa.repository.support.LockModeRepositoryPostProcessor$LockModePopulatingMethodIntercceptor.invoke(LockModeRepositoryPostProcessor.java:92)
	at org.springframework.aop.framework.ReflectiveMethodInvocation.proceed(ReflectiveMethodInvocation.java:172)
	at org.springframework.aop.interceptor.ExposeInvocationInterceptor.invoke(ExposeInvocationInterceptor.java:91)
	at org.springframework.aop.framework.ReflectiveMethodInvocation.proceed(ReflectiveMethodInvocation.java:172)
	at org.springframework.aop.framework.JdkDynamicAopProxy.invoke(JdkDynamicAopProxy.java:204)
	at $Proxy48.findById(Unknown Source)
	at com.yummynoodlebar.persistence.integration.OrdersRepositoryIntegrationTests.thatProductsAreSavedWithOrder(OrdersRepositoryIntegrationTests.java:113)
	at sun.reflect.NativeMethodAccessorImpl.invoke0(Native Method)
	at sun.reflect.NativeMethodAccessorImpl.invoke(NativeMethodAccessorImpl.java:57)
	at sun.reflect.DelegatingMethodAccessorImpl.invoke(DelegatingMethodAccessorImpl.java:43)
	at java.lang.reflect.Method.invoke(Method.java:601)
	at org.junit.runners.model.FrameworkMethod$1.runReflectiveCall(FrameworkMethod.java:47)
	at org.junit.internal.runners.model.ReflectiveCallable.run(ReflectiveCallable.java:12)
	at org.junit.runners.model.FrameworkMethod.invokeExplosively(FrameworkMethod.java:44)
	at org.junit.internal.runners.statements.InvokeMethod.evaluate(InvokeMethod.java:17)
	at org.springframework.test.context.junit4.statements.RunBeforeTestMethodCallbacks.evaluate(RunBeforeTestMethodCallbacks.java:74)
	at org.springframework.test.context.junit4.statements.RunAfterTestMethodCallbacks.evaluate(RunAfterTestMethodCallbacks.java:83)
	at org.springframework.test.context.junit4.statements.SpringRepeat.evaluate(SpringRepeat.java:72)
	at org.springframework.test.context.junit4.SpringJUnit4ClassRunner.runChild(SpringJUnit4ClassRunner.java:231)
	at org.springframework.test.context.junit4.SpringJUnit4ClassRunner.runChild(SpringJUnit4ClassRunner.java:88)
	at org.junit.runners.ParentRunner$3.run(ParentRunner.java:238)
	at org.junit.runners.ParentRunner$1.schedule(ParentRunner.java:63)
	at org.junit.runners.ParentRunner.runChildren(ParentRunner.java:236)
	at org.junit.runners.ParentRunner.access$000(ParentRunner.java:53)
	at org.junit.runners.ParentRunner$2.evaluate(ParentRunner.java:229)
	at org.springframework.test.context.junit4.statements.RunBeforeTestClassCallbacks.evaluate(RunBeforeTestClassCallbacks.java:61)
	at org.springframework.test.context.junit4.statements.RunAfterTestClassCallbacks.evaluate(RunAfterTestClassCallbacks.java:71)
	at org.junit.runners.ParentRunner.run(ParentRunner.java:309)
	at org.springframework.test.context.junit4.SpringJUnit4ClassRunner.run(SpringJUnit4ClassRunner.java:174)
	at org.gradle.api.internal.tasks.testing.junit.JUnitTestClassExecuter.runTestClass(JUnitTestClassExecuter.java:80)
	at org.gradle.api.internal.tasks.testing.junit.JUnitTestClassExecuter.execute(JUnitTestClassExecuter.java:47)
	at org.gradle.api.internal.tasks.testing.junit.JUnitTestClassProcessor.processTestClass(JUnitTestClassProcessor.java:69)
	at org.gradle.api.internal.tasks.testing.SuiteTestClassProcessor.processTestClass(SuiteTestClassProcessor.java:49)
	at sun.reflect.NativeMethodAccessorImpl.invoke0(Native Method)
	at sun.reflect.NativeMethodAccessorImpl.invoke(NativeMethodAccessorImpl.java:57)
	at sun.reflect.DelegatingMethodAccessorImpl.invoke(DelegatingMethodAccessorImpl.java:43)
	at java.lang.reflect.Method.invoke(Method.java:601)
	at org.gradle.messaging.dispatch.ReflectionDispatch.dispatch(ReflectionDispatch.java:35)
	at org.gradle.messaging.dispatch.ReflectionDispatch.dispatch(ReflectionDispatch.java:24)
	at org.gradle.messaging.dispatch.ContextClassLoaderDispatch.dispatch(ContextClassLoaderDispatch.java:32)
	at org.gradle.messaging.dispatch.ProxyDispatchAdapter$DispatchingInvocationHandler.invoke(ProxyDispatchAdapter.java:93)
	at $Proxy2.processTestClass(Unknown Source)
	at org.gradle.api.internal.tasks.testing.worker.TestWorker.processTestClass(TestWorker.java:103)
	at sun.reflect.NativeMethodAccessorImpl.invoke0(Native Method)
	at sun.reflect.NativeMethodAccessorImpl.invoke(NativeMethodAccessorImpl.java:57)
	at sun.reflect.DelegatingMethodAccessorImpl.invoke(DelegatingMethodAccessorImpl.java:43)
	at java.lang.reflect.Method.invoke(Method.java:601)
	at org.gradle.messaging.dispatch.ReflectionDispatch.dispatch(ReflectionDispatch.java:35)
	at org.gradle.messaging.dispatch.ReflectionDispatch.dispatch(ReflectionDispatch.java:24)
	at org.gradle.messaging.remote.internal.hub.MessageHub$Handler.run(MessageHub.java:355)
	at org.gradle.internal.concurrent.DefaultExecutorFactory$StoppableExecutorImpl$1.run(DefaultExecutorFactory.java:66)
	at java.util.concurrent.ThreadPoolExecutor.runWorker(ThreadPoolExecutor.java:1110)
	at java.util.concurrent.ThreadPoolExecutor$Worker.run(ThreadPoolExecutor.java:603)
	at java.lang.Thread.run(Thread.java:722)
Caused by: org.hibernate.exception.ConstraintViolationException: NULL not allowed for column &quot;PAYMENTMETHOD&quot;; SQL statement:
insert into NOODLE_ORDERS (customer_CUSTOMER_ID, SUBMISSION_DATETIME, orderStatus, paymentMethod, ORDER_ID) values (?, ?, ?, ?, ?) [23502-173]
	at org.hibernate.exception.internal.SQLStateConversionDelegate.convert(SQLStateConversionDelegate.java:128)
	at org.hibernate.exception.internal.StandardSQLExceptionConverter.convert(StandardSQLExceptionConverter.java:47)
	at org.hibernate.engine.jdbc.spi.SqlExceptionHelper.convert(SqlExceptionHelper.java:125)
	at org.hibernate.engine.jdbc.spi.SqlExceptionHelper.convert(SqlExceptionHelper.java:110)
	at org.hibernate.engine.jdbc.internal.proxy.AbstractStatementProxyHandler.continueInvocation(AbstractStatementProxyHandler.java:129)
	at org.hibernate.engine.jdbc.internal.proxy.AbstractProxyHandler.invoke(AbstractProxyHandler.java:81)
	at $Proxy43.executeUpdate(Unknown Source)
	at org.hibernate.engine.jdbc.batch.internal.NonBatchingBatch.addToBatch(NonBatchingBatch.java:56)
	at org.hibernate.persister.entity.AbstractEntityPersister.insert(AbstractEntityPersister.java:2849)
	at org.hibernate.persister.entity.AbstractEntityPersister.insert(AbstractEntityPersister.java:3290)
	at org.hibernate.action.internal.EntityInsertAction.execute(EntityInsertAction.java:80)
	at org.hibernate.engine.spi.ActionQueue.execute(ActionQueue.java:272)
	at org.hibernate.engine.spi.ActionQueue.executeActions(ActionQueue.java:264)
	at org.hibernate.engine.spi.ActionQueue.executeActions(ActionQueue.java:186)
	at org.hibernate.event.internal.AbstractFlushingEventListener.performExecutions(AbstractFlushingEventListener.java:326)
	at org.hibernate.event.internal.DefaultAutoFlushEventListener.onAutoFlush(DefaultAutoFlushEventListener.java:59)
	at org.hibernate.internal.SessionImpl.autoFlushIfRequired(SessionImpl.java:1053)
	at org.hibernate.internal.SessionImpl.list(SessionImpl.java:1108)
	at org.hibernate.internal.QueryImpl.list(QueryImpl.java:101)
	at org.hibernate.ejb.QueryImpl.getSingleResult(QueryImpl.java:280)
	... 67 more
Caused by: org.h2.jdbc.JdbcSQLException: NULL not allowed for column &quot;PAYMENTMETHOD&quot;; SQL statement:
insert into NOODLE_ORDERS (customer_CUSTOMER_ID, SUBMISSION_DATETIME, orderStatus, paymentMethod, ORDER_ID) values (?, ?, ?, ?, ?) [23502-173]
	at org.h2.message.DbException.getJdbcSQLException(DbException.java:331)
	at org.h2.message.DbException.get(DbException.java:171)
	at org.h2.message.DbException.get(DbException.java:148)
	at org.h2.table.Column.validateConvertUpdateSequence(Column.java:295)
	at org.h2.table.Table.validateConvertUpdateSequence(Table.java:699)
	at org.h2.command.dml.Insert.insertRows(Insert.java:123)
	at org.h2.command.dml.Insert.update(Insert.java:86)
	at org.h2.command.CommandContainer.update(CommandContainer.java:79)
	at org.h2.command.Command.executeUpdate(Command.java:235)
	at org.h2.jdbc.JdbcPreparedStatement.executeUpdateInternal(JdbcPreparedStatement.java:154)
	at org.h2.jdbc.JdbcPreparedStatement.executeUpdate(JdbcPreparedStatement.java:140)
	at sun.reflect.NativeMethodAccessorImpl.invoke0(Native Method)
	at sun.reflect.NativeMethodAccessorImpl.invoke(NativeMethodAccessorImpl.java:57)
	at sun.reflect.DelegatingMethodAccessorImpl.invoke(DelegatingMethodAccessorImpl.java:43)
	at java.lang.reflect.Method.invoke(Method.java:601)
	at org.hibernate.engine.jdbc.internal.proxy.AbstractStatementProxyHandler.continueInvocation(AbstractStatementProxyHandler.java:122)
	... 82 more
</failure>
  </testcase>
  <testcase name="thatItemIsInsertedIntoRepoWorks" classname="com.yummynoodlebar.persistence.integration.OrdersRepositoryIntegrationTests" time="0.011">
    <failure message="javax.persistence.PersistenceException: org.hibernate.exception.ConstraintViolationException: NULL not allowed for column &quot;PAYMENTMETHOD&quot;; SQL statement:&#10;insert into NOODLE_ORDERS (customer_CUSTOMER_ID, SUBMISSION_DATETIME, orderStatus, paymentMethod, ORDER_ID) values (?, ?, ?, ?, ?) [23502-173]" type="org.gradle.messaging.remote.internal.PlaceholderException">javax.persistence.PersistenceException: org.hibernate.exception.ConstraintViolationException: NULL not allowed for column &quot;PAYMENTMETHOD&quot;; SQL statement:
insert into NOODLE_ORDERS (customer_CUSTOMER_ID, SUBMISSION_DATETIME, orderStatus, paymentMethod, ORDER_ID) values (?, ?, ?, ?, ?) [23502-173]
	at org.hibernate.ejb.AbstractEntityManagerImpl.convert(AbstractEntityManagerImpl.java:1361)
	at org.hibernate.ejb.AbstractEntityManagerImpl.convert(AbstractEntityManagerImpl.java:1289)
	at org.hibernate.ejb.QueryImpl.getSingleResult(QueryImpl.java:313)
	at org.hibernate.ejb.criteria.CriteriaQueryCompiler$3.getSingleResult(CriteriaQueryCompiler.java:264)
	at org.springframework.data.jpa.repository.query.JpaQueryExecution$SingleEntityExecution.doExecute(JpaQueryExecution.java:123)
	at org.springframework.data.jpa.repository.query.JpaQueryExecution.execute(JpaQueryExecution.java:55)
	at org.springframework.data.jpa.repository.query.AbstractJpaQuery.doExecute(AbstractJpaQuery.java:95)
	at org.springframework.data.jpa.repository.query.AbstractJpaQuery.execute(AbstractJpaQuery.java:85)
	at org.springframework.data.repository.core.support.RepositoryFactorySupport$QueryExecutorMethodInterceptor.invoke(RepositoryFactorySupport.java:312)
	at org.springframework.aop.framework.ReflectiveMethodInvocation.proceed(ReflectiveMethodInvocation.java:172)
	at org.springframework.transaction.interceptor.TransactionInterceptor$1.proceedWithInvocation(TransactionInterceptor.java:96)
	at org.springframework.transaction.interceptor.TransactionAspectSupport.invokeWithinTransaction(TransactionAspectSupport.java:260)
	at org.springframework.transaction.interceptor.TransactionInterceptor.invoke(TransactionInterceptor.java:94)
	at org.springframework.aop.framework.ReflectiveMethodInvocation.proceed(ReflectiveMethodInvocation.java:172)
	at org.springframework.dao.support.PersistenceExceptionTranslationInterceptor.invoke(PersistenceExceptionTranslationInterceptor.java:155)
	at org.springframework.aop.framework.ReflectiveMethodInvocation.proceed(ReflectiveMethodInvocation.java:172)
	at org.springframework.data.jpa.repository.support.LockModeRepositoryPostProcessor$LockModePopulatingMethodIntercceptor.invoke(LockModeRepositoryPostProcessor.java:92)
	at org.springframework.aop.framework.ReflectiveMethodInvocation.proceed(ReflectiveMethodInvocation.java:172)
	at org.springframework.aop.interceptor.ExposeInvocationInterceptor.invoke(ExposeInvocationInterceptor.java:91)
	at org.springframework.aop.framework.ReflectiveMethodInvocation.proceed(ReflectiveMethodInvocation.java:172)
	at org.springframework.aop.framework.JdkDynamicAopProxy.invoke(JdkDynamicAopProxy.java:204)
	at $Proxy48.findById(Unknown Source)
	at com.yummynoodlebar.persistence.integration.OrdersRepositoryIntegrationTests.thatItemIsInsertedIntoRepoWorks(OrdersRepositoryIntegrationTests.java:62)
	at sun.reflect.NativeMethodAccessorImpl.invoke0(Native Method)
	at sun.reflect.NativeMethodAccessorImpl.invoke(NativeMethodAccessorImpl.java:57)
	at sun.reflect.DelegatingMethodAccessorImpl.invoke(DelegatingMethodAccessorImpl.java:43)
	at java.lang.reflect.Method.invoke(Method.java:601)
	at org.junit.runners.model.FrameworkMethod$1.runReflectiveCall(FrameworkMethod.java:47)
	at org.junit.internal.runners.model.ReflectiveCallable.run(ReflectiveCallable.java:12)
	at org.junit.runners.model.FrameworkMethod.invokeExplosively(FrameworkMethod.java:44)
	at org.junit.internal.runners.statements.InvokeMethod.evaluate(InvokeMethod.java:17)
	at org.springframework.test.context.junit4.statements.RunBeforeTestMethodCallbacks.evaluate(RunBeforeTestMethodCallbacks.java:74)
	at org.springframework.test.context.junit4.statements.RunAfterTestMethodCallbacks.evaluate(RunAfterTestMethodCallbacks.java:83)
	at org.springframework.test.context.junit4.statements.SpringRepeat.evaluate(SpringRepeat.java:72)
	at org.springframework.test.context.junit4.SpringJUnit4ClassRunner.runChild(SpringJUnit4ClassRunner.java:231)
	at org.springframework.test.context.junit4.SpringJUnit4ClassRunner.runChild(SpringJUnit4ClassRunner.java:88)
	at org.junit.runners.ParentRunner$3.run(ParentRunner.java:238)
	at org.junit.runners.ParentRunner$1.schedule(ParentRunner.java:63)
	at org.junit.runners.ParentRunner.runChildren(ParentRunner.java:236)
	at org.junit.runners.ParentRunner.access$000(ParentRunner.java:53)
	at org.junit.runners.ParentRunner$2.evaluate(ParentRunner.java:229)
	at org.springframework.test.context.junit4.statements.RunBeforeTestClassCallbacks.evaluate(RunBeforeTestClassCallbacks.java:61)
	at org.springframework.test.context.junit4.statements.RunAfterTestClassCallbacks.evaluate(RunAfterTestClassCallbacks.java:71)
	at org.junit.runners.ParentRunner.run(ParentRunner.java:309)
	at org.springframework.test.context.junit4.SpringJUnit4ClassRunner.run(SpringJUnit4ClassRunner.java:174)
	at org.gradle.api.internal.tasks.testing.junit.JUnitTestClassExecuter.runTestClass(JUnitTestClassExecuter.java:80)
	at org.gradle.api.internal.tasks.testing.junit.JUnitTestClassExecuter.execute(JUnitTestClassExecuter.java:47)
	at org.gradle.api.internal.tasks.testing.junit.JUnitTestClassProcessor.processTestClass(JUnitTestClassProcessor.java:69)
	at org.gradle.api.internal.tasks.testing.SuiteTestClassProcessor.processTestClass(SuiteTestClassProcessor.java:49)
	at sun.reflect.NativeMethodAccessorImpl.invoke0(Native Method)
	at sun.reflect.NativeMethodAccessorImpl.invoke(NativeMethodAccessorImpl.java:57)
	at sun.reflect.DelegatingMethodAccessorImpl.invoke(DelegatingMethodAccessorImpl.java:43)
	at java.lang.reflect.Method.invoke(Method.java:601)
	at org.gradle.messaging.dispatch.ReflectionDispatch.dispatch(ReflectionDispatch.java:35)
	at org.gradle.messaging.dispatch.ReflectionDispatch.dispatch(ReflectionDispatch.java:24)
	at org.gradle.messaging.dispatch.ContextClassLoaderDispatch.dispatch(ContextClassLoaderDispatch.java:32)
	at org.gradle.messaging.dispatch.ProxyDispatchAdapter$DispatchingInvocationHandler.invoke(ProxyDispatchAdapter.java:93)
	at $Proxy2.processTestClass(Unknown Source)
	at org.gradle.api.internal.tasks.testing.worker.TestWorker.processTestClass(TestWorker.java:103)
	at sun.reflect.NativeMethodAccessorImpl.invoke0(Native Method)
	at sun.reflect.NativeMethodAccessorImpl.invoke(NativeMethodAccessorImpl.java:57)
	at sun.reflect.DelegatingMethodAccessorImpl.invoke(DelegatingMethodAccessorImpl.java:43)
	at java.lang.reflect.Method.invoke(Method.java:601)
	at org.gradle.messaging.dispatch.ReflectionDispatch.dispatch(ReflectionDispatch.java:35)
	at org.gradle.messaging.dispatch.ReflectionDispatch.dispatch(ReflectionDispatch.java:24)
	at org.gradle.messaging.remote.internal.hub.MessageHub$Handler.run(MessageHub.java:355)
	at org.gradle.internal.concurrent.DefaultExecutorFactory$StoppableExecutorImpl$1.run(DefaultExecutorFactory.java:66)
	at java.util.concurrent.ThreadPoolExecutor.runWorker(ThreadPoolExecutor.java:1110)
	at java.util.concurrent.ThreadPoolExecutor$Worker.run(ThreadPoolExecutor.java:603)
	at java.lang.Thread.run(Thread.java:722)
Caused by: org.hibernate.exception.ConstraintViolationException: NULL not allowed for column &quot;PAYMENTMETHOD&quot;; SQL statement:
insert into NOODLE_ORDERS (customer_CUSTOMER_ID, SUBMISSION_DATETIME, orderStatus, paymentMethod, ORDER_ID) values (?, ?, ?, ?, ?) [23502-173]
	at org.hibernate.exception.internal.SQLStateConversionDelegate.convert(SQLStateConversionDelegate.java:128)
	at org.hibernate.exception.internal.StandardSQLExceptionConverter.convert(StandardSQLExceptionConverter.java:47)
	at org.hibernate.engine.jdbc.spi.SqlExceptionHelper.convert(SqlExceptionHelper.java:125)
	at org.hibernate.engine.jdbc.spi.SqlExceptionHelper.convert(SqlExceptionHelper.java:110)
	at org.hibernate.engine.jdbc.internal.proxy.AbstractStatementProxyHandler.continueInvocation(AbstractStatementProxyHandler.java:129)
	at org.hibernate.engine.jdbc.internal.proxy.AbstractProxyHandler.invoke(AbstractProxyHandler.java:81)
	at $Proxy43.executeUpdate(Unknown Source)
	at org.hibernate.engine.jdbc.batch.internal.NonBatchingBatch.addToBatch(NonBatchingBatch.java:56)
	at org.hibernate.persister.entity.AbstractEntityPersister.insert(AbstractEntityPersister.java:2849)
	at org.hibernate.persister.entity.AbstractEntityPersister.insert(AbstractEntityPersister.java:3290)
	at org.hibernate.action.internal.EntityInsertAction.execute(EntityInsertAction.java:80)
	at org.hibernate.engine.spi.ActionQueue.execute(ActionQueue.java:272)
	at org.hibernate.engine.spi.ActionQueue.executeActions(ActionQueue.java:264)
	at org.hibernate.engine.spi.ActionQueue.executeActions(ActionQueue.java:186)
	at org.hibernate.event.internal.AbstractFlushingEventListener.performExecutions(AbstractFlushingEventListener.java:326)
	at org.hibernate.event.internal.DefaultAutoFlushEventListener.onAutoFlush(DefaultAutoFlushEventListener.java:59)
	at org.hibernate.internal.SessionImpl.autoFlushIfRequired(SessionImpl.java:1053)
	at org.hibernate.internal.SessionImpl.list(SessionImpl.java:1108)
	at org.hibernate.internal.QueryImpl.list(QueryImpl.java:101)
	at org.hibernate.ejb.QueryImpl.getSingleResult(QueryImpl.java:280)
	... 67 more
Caused by: org.h2.jdbc.JdbcSQLException: NULL not allowed for column &quot;PAYMENTMETHOD&quot;; SQL statement:
insert into NOODLE_ORDERS (customer_CUSTOMER_ID, SUBMISSION_DATETIME, orderStatus, paymentMethod, ORDER_ID) values (?, ?, ?, ?, ?) [23502-173]
	at org.h2.message.DbException.getJdbcSQLException(DbException.java:331)
	at org.h2.message.DbException.get(DbException.java:171)
	at org.h2.message.DbException.get(DbException.java:148)
	at org.h2.table.Column.validateConvertUpdateSequence(Column.java:295)
	at org.h2.table.Table.validateConvertUpdateSequence(Table.java:699)
	at org.h2.command.dml.Insert.insertRows(Insert.java:123)
	at org.h2.command.dml.Insert.update(Insert.java:86)
	at org.h2.command.CommandContainer.update(CommandContainer.java:79)
	at org.h2.command.Command.executeUpdate(Command.java:235)
	at org.h2.jdbc.JdbcPreparedStatement.executeUpdateInternal(JdbcPreparedStatement.java:154)
	at org.h2.jdbc.JdbcPreparedStatement.executeUpdate(JdbcPreparedStatement.java:140)
	at sun.reflect.NativeMethodAccessorImpl.invoke0(Native Method)
	at sun.reflect.NativeMethodAccessorImpl.invoke(NativeMethodAccessorImpl.java:57)
	at sun.reflect.DelegatingMethodAccessorImpl.invoke(DelegatingMethodAccessorImpl.java:43)
	at java.lang.reflect.Method.invoke(Method.java:601)
	at org.hibernate.engine.jdbc.internal.proxy.AbstractStatementProxyHandler.continueInvocation(AbstractStatementProxyHandler.java:122)
	... 82 more
</failure>
  </testcase>
  <testcase name="thatCustomerIsSavedWithOrder" classname="com.yummynoodlebar.persistence.integration.OrdersRepositoryIntegrationTests" time="0.022">
    <failure message="javax.persistence.PersistenceException: org.hibernate.exception.ConstraintViolationException: NULL not allowed for column &quot;PAYMENTMETHOD&quot;; SQL statement:&#10;insert into NOODLE_ORDERS (customer_CUSTOMER_ID, SUBMISSION_DATETIME, orderStatus, paymentMethod, ORDER_ID) values (?, ?, ?, ?, ?) [23502-173]" type="org.gradle.messaging.remote.internal.PlaceholderException">javax.persistence.PersistenceException: org.hibernate.exception.ConstraintViolationException: NULL not allowed for column &quot;PAYMENTMETHOD&quot;; SQL statement:
insert into NOODLE_ORDERS (customer_CUSTOMER_ID, SUBMISSION_DATETIME, orderStatus, paymentMethod, ORDER_ID) values (?, ?, ?, ?, ?) [23502-173]
	at org.hibernate.ejb.AbstractEntityManagerImpl.convert(AbstractEntityManagerImpl.java:1361)
	at org.hibernate.ejb.AbstractEntityManagerImpl.convert(AbstractEntityManagerImpl.java:1289)
	at org.hibernate.ejb.QueryImpl.getSingleResult(QueryImpl.java:313)
	at org.hibernate.ejb.criteria.CriteriaQueryCompiler$3.getSingleResult(CriteriaQueryCompiler.java:264)
	at org.springframework.data.jpa.repository.query.JpaQueryExecution$SingleEntityExecution.doExecute(JpaQueryExecution.java:123)
	at org.springframework.data.jpa.repository.query.JpaQueryExecution.execute(JpaQueryExecution.java:55)
	at org.springframework.data.jpa.repository.query.AbstractJpaQuery.doExecute(AbstractJpaQuery.java:95)
	at org.springframework.data.jpa.repository.query.AbstractJpaQuery.execute(AbstractJpaQuery.java:85)
	at org.springframework.data.repository.core.support.RepositoryFactorySupport$QueryExecutorMethodInterceptor.invoke(RepositoryFactorySupport.java:312)
	at org.springframework.aop.framework.ReflectiveMethodInvocation.proceed(ReflectiveMethodInvocation.java:172)
	at org.springframework.transaction.interceptor.TransactionInterceptor$1.proceedWithInvocation(TransactionInterceptor.java:96)
	at org.springframework.transaction.interceptor.TransactionAspectSupport.invokeWithinTransaction(TransactionAspectSupport.java:260)
	at org.springframework.transaction.interceptor.TransactionInterceptor.invoke(TransactionInterceptor.java:94)
	at org.springframework.aop.framework.ReflectiveMethodInvocation.proceed(ReflectiveMethodInvocation.java:172)
	at org.springframework.dao.support.PersistenceExceptionTranslationInterceptor.invoke(PersistenceExceptionTranslationInterceptor.java:155)
	at org.springframework.aop.framework.ReflectiveMethodInvocation.proceed(ReflectiveMethodInvocation.java:172)
	at org.springframework.data.jpa.repository.support.LockModeRepositoryPostProcessor$LockModePopulatingMethodIntercceptor.invoke(LockModeRepositoryPostProcessor.java:92)
	at org.springframework.aop.framework.ReflectiveMethodInvocation.proceed(ReflectiveMethodInvocation.java:172)
	at org.springframework.aop.interceptor.ExposeInvocationInterceptor.invoke(ExposeInvocationInterceptor.java:91)
	at org.springframework.aop.framework.ReflectiveMethodInvocation.proceed(ReflectiveMethodInvocation.java:172)
	at org.springframework.aop.framework.JdkDynamicAopProxy.invoke(JdkDynamicAopProxy.java:204)
	at $Proxy48.findById(Unknown Source)
	at com.yummynoodlebar.persistence.integration.OrdersRepositoryIntegrationTests.thatCustomerIsSavedWithOrder(OrdersRepositoryIntegrationTests.java:83)
	at sun.reflect.NativeMethodAccessorImpl.invoke0(Native Method)
	at sun.reflect.NativeMethodAccessorImpl.invoke(NativeMethodAccessorImpl.java:57)
	at sun.reflect.DelegatingMethodAccessorImpl.invoke(DelegatingMethodAccessorImpl.java:43)
	at java.lang.reflect.Method.invoke(Method.java:601)
	at org.junit.runners.model.FrameworkMethod$1.runReflectiveCall(FrameworkMethod.java:47)
	at org.junit.internal.runners.model.ReflectiveCallable.run(ReflectiveCallable.java:12)
	at org.junit.runners.model.FrameworkMethod.invokeExplosively(FrameworkMethod.java:44)
	at org.junit.internal.runners.statements.InvokeMethod.evaluate(InvokeMethod.java:17)
	at org.springframework.test.context.junit4.statements.RunBeforeTestMethodCallbacks.evaluate(RunBeforeTestMethodCallbacks.java:74)
	at org.springframework.test.context.junit4.statements.RunAfterTestMethodCallbacks.evaluate(RunAfterTestMethodCallbacks.java:83)
	at org.springframework.test.context.junit4.statements.SpringRepeat.evaluate(SpringRepeat.java:72)
	at org.springframework.test.context.junit4.SpringJUnit4ClassRunner.runChild(SpringJUnit4ClassRunner.java:231)
	at org.springframework.test.context.junit4.SpringJUnit4ClassRunner.runChild(SpringJUnit4ClassRunner.java:88)
	at org.junit.runners.ParentRunner$3.run(ParentRunner.java:238)
	at org.junit.runners.ParentRunner$1.schedule(ParentRunner.java:63)
	at org.junit.runners.ParentRunner.runChildren(ParentRunner.java:236)
	at org.junit.runners.ParentRunner.access$000(ParentRunner.java:53)
	at org.junit.runners.ParentRunner$2.evaluate(ParentRunner.java:229)
	at org.springframework.test.context.junit4.statements.RunBeforeTestClassCallbacks.evaluate(RunBeforeTestClassCallbacks.java:61)
	at org.springframework.test.context.junit4.statements.RunAfterTestClassCallbacks.evaluate(RunAfterTestClassCallbacks.java:71)
	at org.junit.runners.ParentRunner.run(ParentRunner.java:309)
	at org.springframework.test.context.junit4.SpringJUnit4ClassRunner.run(SpringJUnit4ClassRunner.java:174)
	at org.gradle.api.internal.tasks.testing.junit.JUnitTestClassExecuter.runTestClass(JUnitTestClassExecuter.java:80)
	at org.gradle.api.internal.tasks.testing.junit.JUnitTestClassExecuter.execute(JUnitTestClassExecuter.java:47)
	at org.gradle.api.internal.tasks.testing.junit.JUnitTestClassProcessor.processTestClass(JUnitTestClassProcessor.java:69)
	at org.gradle.api.internal.tasks.testing.SuiteTestClassProcessor.processTestClass(SuiteTestClassProcessor.java:49)
	at sun.reflect.NativeMethodAccessorImpl.invoke0(Native Method)
	at sun.reflect.NativeMethodAccessorImpl.invoke(NativeMethodAccessorImpl.java:57)
	at sun.reflect.DelegatingMethodAccessorImpl.invoke(DelegatingMethodAccessorImpl.java:43)
	at java.lang.reflect.Method.invoke(Method.java:601)
	at org.gradle.messaging.dispatch.ReflectionDispatch.dispatch(ReflectionDispatch.java:35)
	at org.gradle.messaging.dispatch.ReflectionDispatch.dispatch(ReflectionDispatch.java:24)
	at org.gradle.messaging.dispatch.ContextClassLoaderDispatch.dispatch(ContextClassLoaderDispatch.java:32)
	at org.gradle.messaging.dispatch.ProxyDispatchAdapter$DispatchingInvocationHandler.invoke(ProxyDispatchAdapter.java:93)
	at $Proxy2.processTestClass(Unknown Source)
	at org.gradle.api.internal.tasks.testing.worker.TestWorker.processTestClass(TestWorker.java:103)
	at sun.reflect.NativeMethodAccessorImpl.invoke0(Native Method)
	at sun.reflect.NativeMethodAccessorImpl.invoke(NativeMethodAccessorImpl.java:57)
	at sun.reflect.DelegatingMethodAccessorImpl.invoke(DelegatingMethodAccessorImpl.java:43)
	at java.lang.reflect.Method.invoke(Method.java:601)
	at org.gradle.messaging.dispatch.ReflectionDispatch.dispatch(ReflectionDispatch.java:35)
	at org.gradle.messaging.dispatch.ReflectionDispatch.dispatch(ReflectionDispatch.java:24)
	at org.gradle.messaging.remote.internal.hub.MessageHub$Handler.run(MessageHub.java:355)
	at org.gradle.internal.concurrent.DefaultExecutorFactory$StoppableExecutorImpl$1.run(DefaultExecutorFactory.java:66)
	at java.util.concurrent.ThreadPoolExecutor.runWorker(ThreadPoolExecutor.java:1110)
	at java.util.concurrent.ThreadPoolExecutor$Worker.run(ThreadPoolExecutor.java:603)
	at java.lang.Thread.run(Thread.java:722)
Caused by: org.hibernate.exception.ConstraintViolationException: NULL not allowed for column &quot;PAYMENTMETHOD&quot;; SQL statement:
insert into NOODLE_ORDERS (customer_CUSTOMER_ID, SUBMISSION_DATETIME, orderStatus, paymentMethod, ORDER_ID) values (?, ?, ?, ?, ?) [23502-173]
	at org.hibernate.exception.internal.SQLStateConversionDelegate.convert(SQLStateConversionDelegate.java:128)
	at org.hibernate.exception.internal.StandardSQLExceptionConverter.convert(StandardSQLExceptionConverter.java:47)
	at org.hibernate.engine.jdbc.spi.SqlExceptionHelper.convert(SqlExceptionHelper.java:125)
	at org.hibernate.engine.jdbc.spi.SqlExceptionHelper.convert(SqlExceptionHelper.java:110)
	at org.hibernate.engine.jdbc.internal.proxy.AbstractStatementProxyHandler.continueInvocation(AbstractStatementProxyHandler.java:129)
	at org.hibernate.engine.jdbc.internal.proxy.AbstractProxyHandler.invoke(AbstractProxyHandler.java:81)
	at $Proxy43.executeUpdate(Unknown Source)
	at org.hibernate.engine.jdbc.batch.internal.NonBatchingBatch.addToBatch(NonBatchingBatch.java:56)
	at org.hibernate.persister.entity.AbstractEntityPersister.insert(AbstractEntityPersister.java:2849)
	at org.hibernate.persister.entity.AbstractEntityPersister.insert(AbstractEntityPersister.java:3290)
	at org.hibernate.action.internal.EntityInsertAction.execute(EntityInsertAction.java:80)
	at org.hibernate.engine.spi.ActionQueue.execute(ActionQueue.java:272)
	at org.hibernate.engine.spi.ActionQueue.executeActions(ActionQueue.java:264)
	at org.hibernate.engine.spi.ActionQueue.executeActions(ActionQueue.java:186)
	at org.hibernate.event.internal.AbstractFlushingEventListener.performExecutions(AbstractFlushingEventListener.java:326)
	at org.hibernate.event.internal.DefaultAutoFlushEventListener.onAutoFlush(DefaultAutoFlushEventListener.java:59)
	at org.hibernate.internal.SessionImpl.autoFlushIfRequired(SessionImpl.java:1053)
	at org.hibernate.internal.SessionImpl.list(SessionImpl.java:1108)
	at org.hibernate.internal.QueryImpl.list(QueryImpl.java:101)
	at org.hibernate.ejb.QueryImpl.getSingleResult(QueryImpl.java:280)
	... 67 more
Caused by: org.h2.jdbc.JdbcSQLException: NULL not allowed for column &quot;PAYMENTMETHOD&quot;; SQL statement:
insert into NOODLE_ORDERS (customer_CUSTOMER_ID, SUBMISSION_DATETIME, orderStatus, paymentMethod, ORDER_ID) values (?, ?, ?, ?, ?) [23502-173]
	at org.h2.message.DbException.getJdbcSQLException(DbException.java:331)
	at org.h2.message.DbException.get(DbException.java:171)
	at org.h2.message.DbException.get(DbException.java:148)
	at org.h2.table.Column.validateConvertUpdateSequence(Column.java:295)
	at org.h2.table.Table.validateConvertUpdateSequence(Table.java:699)
	at org.h2.command.dml.Insert.insertRows(Insert.java:123)
	at org.h2.command.dml.Insert.update(Insert.java:86)
	at org.h2.command.CommandContainer.update(CommandContainer.java:79)
	at org.h2.command.Command.executeUpdate(Command.java:235)
	at org.h2.jdbc.JdbcPreparedStatement.executeUpdateInternal(JdbcPreparedStatement.java:154)
	at org.h2.jdbc.JdbcPreparedStatement.executeUpdate(JdbcPreparedStatement.java:140)
	at sun.reflect.NativeMethodAccessorImpl.invoke0(Native Method)
	at sun.reflect.NativeMethodAccessorImpl.invoke(NativeMethodAccessorImpl.java:57)
	at sun.reflect.DelegatingMethodAccessorImpl.invoke(DelegatingMethodAccessorImpl.java:43)
	at java.lang.reflect.Method.invoke(Method.java:601)
	at org.hibernate.engine.jdbc.internal.proxy.AbstractStatementProxyHandler.continueInvocation(AbstractStatementProxyHandler.java:122)
	... 82 more
</failure>
  </testcase>
  <system-out><![CDATA[2014-05-09 23:55:04 INFO  TransactionalTestExecutionListener:279 - Began transaction (1): transaction manager [org.springframework.orm.jpa.JpaTransactionManager@554614db]; rollback [true]
2014-05-09 23:55:05 WARN  SqlExceptionHelper:143 - SQL Error: 23502, SQLState: 23502
2014-05-09 23:55:05 ERROR SqlExceptionHelper:144 - NULL not allowed for column "PAYMENTMETHOD"; SQL statement:
insert into NOODLE_ORDERS (customer_CUSTOMER_ID, SUBMISSION_DATETIME, orderStatus, paymentMethod, ORDER_ID) values (?, ?, ?, ?, ?) [23502-173]
2014-05-09 23:55:05 INFO  AbstractBatchImpl:205 - HHH000010: On release of batch it still contained JDBC statements
2014-05-09 23:55:05 INFO  TransactionalTestExecutionListener:299 - Rolled back transaction after test execution for test context [TestContext@1223cebf testClass = OrdersRepositoryIntegrationTests, testInstance = com.yummynoodlebar.persistence.integration.OrdersRepositoryIntegrationTests@6cda66e6, testMethod = thatProductsAreSavedWithOrder@OrdersRepositoryIntegrationTests, testException = javax.persistence.PersistenceException: org.hibernate.exception.ConstraintViolationException: NULL not allowed for column "PAYMENTMETHOD"; SQL statement:
insert into NOODLE_ORDERS (customer_CUSTOMER_ID, SUBMISSION_DATETIME, orderStatus, paymentMethod, ORDER_ID) values (?, ?, ?, ?, ?) [23502-173], mergedContextConfiguration = [MergedContextConfiguration@678076a6 testClass = OrdersRepositoryIntegrationTests, locations = '{}', classes = '{class com.yummynoodlebar.config.JPAConfiguration}', contextInitializerClasses = '[]', activeProfiles = '{}', contextLoader = 'org.springframework.test.context.support.DelegatingSmartContextLoader', parent = [null]]]
2014-05-09 23:55:05 INFO  TransactionalTestExecutionListener:279 - Began transaction (2): transaction manager [org.springframework.orm.jpa.JpaTransactionManager@554614db]; rollback [true]
2014-05-09 23:55:05 WARN  SqlExceptionHelper:143 - SQL Error: 23502, SQLState: 23502
2014-05-09 23:55:05 ERROR SqlExceptionHelper:144 - NULL not allowed for column "PAYMENTMETHOD"; SQL statement:
insert into NOODLE_ORDERS (customer_CUSTOMER_ID, SUBMISSION_DATETIME, orderStatus, paymentMethod, ORDER_ID) values (?, ?, ?, ?, ?) [23502-173]
2014-05-09 23:55:05 INFO  AbstractBatchImpl:205 - HHH000010: On release of batch it still contained JDBC statements
2014-05-09 23:55:05 INFO  TransactionalTestExecutionListener:299 - Rolled back transaction after test execution for test context [TestContext@1223cebf testClass = OrdersRepositoryIntegrationTests, testInstance = com.yummynoodlebar.persistence.integration.OrdersRepositoryIntegrationTests@32cf38da, testMethod = thatItemIsInsertedIntoRepoWorks@OrdersRepositoryIntegrationTests, testException = javax.persistence.PersistenceException: org.hibernate.exception.ConstraintViolationException: NULL not allowed for column "PAYMENTMETHOD"; SQL statement:
insert into NOODLE_ORDERS (customer_CUSTOMER_ID, SUBMISSION_DATETIME, orderStatus, paymentMethod, ORDER_ID) values (?, ?, ?, ?, ?) [23502-173], mergedContextConfiguration = [MergedContextConfiguration@678076a6 testClass = OrdersRepositoryIntegrationTests, locations = '{}', classes = '{class com.yummynoodlebar.config.JPAConfiguration}', contextInitializerClasses = '[]', activeProfiles = '{}', contextLoader = 'org.springframework.test.context.support.DelegatingSmartContextLoader', parent = [null]]]
2014-05-09 23:55:05 INFO  TransactionalTestExecutionListener:279 - Began transaction (3): transaction manager [org.springframework.orm.jpa.JpaTransactionManager@554614db]; rollback [true]
2014-05-09 23:55:05 WARN  SqlExceptionHelper:143 - SQL Error: 23502, SQLState: 23502
2014-05-09 23:55:05 ERROR SqlExceptionHelper:144 - NULL not allowed for column "PAYMENTMETHOD"; SQL statement:
insert into NOODLE_ORDERS (customer_CUSTOMER_ID, SUBMISSION_DATETIME, orderStatus, paymentMethod, ORDER_ID) values (?, ?, ?, ?, ?) [23502-173]
2014-05-09 23:55:05 INFO  AbstractBatchImpl:205 - HHH000010: On release of batch it still contained JDBC statements
2014-05-09 23:55:05 INFO  TransactionalTestExecutionListener:299 - Rolled back transaction after test execution for test context [TestContext@1223cebf testClass = OrdersRepositoryIntegrationTests, testInstance = com.yummynoodlebar.persistence.integration.OrdersRepositoryIntegrationTests@7e0e42af, testMethod = thatCustomerIsSavedWithOrder@OrdersRepositoryIntegrationTests, testException = javax.persistence.PersistenceException: org.hibernate.exception.ConstraintViolationException: NULL not allowed for column "PAYMENTMETHOD"; SQL statement:
insert into NOODLE_ORDERS (customer_CUSTOMER_ID, SUBMISSION_DATETIME, orderStatus, paymentMethod, ORDER_ID) values (?, ?, ?, ?, ?) [23502-173], mergedContextConfiguration = [MergedContextConfiguration@678076a6 testClass = OrdersRepositoryIntegrationTests, locations = '{}', classes = '{class com.yummynoodlebar.config.JPAConfiguration}', contextInitializerClasses = '[]', activeProfiles = '{}', contextLoader = 'org.springframework.test.context.support.DelegatingSmartContextLoader', parent = [null]]]
]]></system-out>
  <system-err><![CDATA[]]></system-err>
</testsuite>
